<?xml version="1.0" encoding="UTF-8"?>
<testng-results ignored="0" total="1" passed="1" failed="0" skipped="0">
  <reporter-output>
  </reporter-output>
  <suite started-at="2023-08-10T17:05:21 IST" name="Default suite" finished-at="2023-08-10T17:05:31 IST" duration-ms="9432">
    <groups>
    </groups>
    <test started-at="2023-08-10T17:05:21 IST" name="Default test" finished-at="2023-08-10T17:05:31 IST" duration-ms="9432">
      <class name="testCases.PageObjectModelWithoutFindBy">
        <test-method signature="login()[pri:0, instance:testCases.PageObjectModelWithoutFindBy@449a4f23]" started-at="2023-08-10T17:05:21 IST" name="login" finished-at="2023-08-10T17:05:31 IST" duration-ms="9379" status="PASS">
          <reporter-output>
          </reporter-output>
        </test-method> <!-- login -->
      </class> <!-- testCases.PageObjectModelWithoutFindBy -->
    </test> <!-- Default test -->
  </suite> <!-- Default suite -->
</testng-results>
